2019/12/25 23:32:12.16 log.go:28 ▶ INFO 007[0m gauge http_gauge
2019/12/25 23:32:12.16 log.go:29 ▶ INFO 008[0m   value:               0
2019/12/25 23:32:12.16 log.go:53 ▶ INFO 009[0m meter http_meter
2019/12/25 23:32:12.16 log.go:54 ▶ INFO 00a[0m   count:               0
2019/12/25 23:32:12.16 log.go:55 ▶ INFO 00b[0m   1-min rate:          0.00
2019/12/25 23:32:12.16 log.go:56 ▶ INFO 00c[0m   5-min rate:          0.00
2019/12/25 23:32:12.16 log.go:57 ▶ INFO 00d[0m   15-min rate:         0.00
2019/12/25 23:32:12.16 log.go:58 ▶ INFO 00e[0m   mean rate:           0.00
2019/12/25 23:32:15.15 log.go:28 ▶ INFO 00f[0m gauge http_gauge
2019/12/25 23:32:15.15 log.go:29 ▶ INFO 010[0m   value:               0
2019/12/25 23:32:15.15 log.go:53 ▶ INFO 011[0m meter http_meter
2019/12/25 23:32:15.15 log.go:54 ▶ INFO 012[0m   count:               0
2019/12/25 23:32:15.15 log.go:55 ▶ INFO 013[0m   1-min rate:          0.00
2019/12/25 23:32:15.15 log.go:56 ▶ INFO 014[0m   5-min rate:          0.00
2019/12/25 23:32:15.15 log.go:57 ▶ INFO 015[0m   15-min rate:         0.00
2019/12/25 23:32:15.15 log.go:58 ▶ INFO 016[0m   mean rate:           0.00
2019/12/25 23:32:18.15 log.go:28 ▶ INFO 017[0m gauge http_gauge
2019/12/25 23:32:18.15 log.go:29 ▶ INFO 018[0m   value:               0
2019/12/25 23:32:18.15 log.go:53 ▶ INFO 019[0m meter http_meter
2019/12/25 23:32:18.15 log.go:54 ▶ INFO 01a[0m   count:               0
2019/12/25 23:32:18.15 log.go:55 ▶ INFO 01b[0m   1-min rate:          0.00
2019/12/25 23:32:18.15 log.go:56 ▶ INFO 01c[0m   5-min rate:          0.00
2019/12/25 23:32:18.15 log.go:57 ▶ INFO 01d[0m   15-min rate:         0.00
2019/12/25 23:32:18.15 log.go:58 ▶ INFO 01e[0m   mean rate:           0.00
2019/12/25 23:32:21.15 log.go:28 ▶ INFO 01f[0m gauge http_gauge
2019/12/25 23:32:21.15 log.go:29 ▶ INFO 020[0m   value:               0
2019/12/25 23:32:21.15 log.go:53 ▶ INFO 021[0m meter http_meter
2019/12/25 23:32:21.15 log.go:54 ▶ INFO 022[0m   count:               0
2019/12/25 23:32:21.15 log.go:55 ▶ INFO 023[0m   1-min rate:          0.00
2019/12/25 23:32:21.15 log.go:56 ▶ INFO 024[0m   5-min rate:          0.00
2019/12/25 23:32:21.15 log.go:57 ▶ INFO 025[0m   15-min rate:         0.00
2019/12/25 23:32:21.15 log.go:58 ▶ INFO 026[0m   mean rate:           0.00
2019/12/25 23:32:24.15 log.go:28 ▶ INFO 027[0m gauge http_gauge
2019/12/25 23:32:24.15 log.go:29 ▶ INFO 028[0m   value:               0
2019/12/25 23:32:24.15 log.go:53 ▶ INFO 029[0m meter http_meter
2019/12/25 23:32:24.15 log.go:54 ▶ INFO 02a[0m   count:               0
2019/12/25 23:32:24.15 log.go:55 ▶ INFO 02b[0m   1-min rate:          0.00
2019/12/25 23:32:24.15 log.go:56 ▶ INFO 02c[0m   5-min rate:          0.00
2019/12/25 23:32:24.15 log.go:57 ▶ INFO 02d[0m   15-min rate:         0.00
2019/12/25 23:32:24.15 log.go:58 ▶ INFO 02e[0m   mean rate:           0.00
2019/12/25 23:32:27.15 log.go:28 ▶ INFO 02f[0m gauge http_gauge
2019/12/25 23:32:27.15 log.go:29 ▶ INFO 030[0m   value:               0
2019/12/25 23:32:27.15 log.go:53 ▶ INFO 031[0m meter http_meter
2019/12/25 23:32:27.15 log.go:54 ▶ INFO 032[0m   count:               0
2019/12/25 23:32:27.15 log.go:55 ▶ INFO 033[0m   1-min rate:          0.00
2019/12/25 23:32:27.15 log.go:56 ▶ INFO 034[0m   5-min rate:          0.00
2019/12/25 23:32:27.15 log.go:57 ▶ INFO 035[0m   15-min rate:         0.00
2019/12/25 23:32:27.15 log.go:58 ▶ INFO 036[0m   mean rate:           0.00
2019/12/25 23:32:30.15 log.go:28 ▶ INFO 037[0m gauge http_gauge
2019/12/25 23:32:30.15 log.go:29 ▶ INFO 038[0m   value:               0
2019/12/25 23:32:30.15 log.go:53 ▶ INFO 039[0m meter http_meter
2019/12/25 23:32:30.15 log.go:54 ▶ INFO 03a[0m   count:               0
2019/12/25 23:32:30.15 log.go:55 ▶ INFO 03b[0m   1-min rate:          0.00
2019/12/25 23:32:30.15 log.go:56 ▶ INFO 03c[0m   5-min rate:          0.00
2019/12/25 23:32:30.15 log.go:57 ▶ INFO 03d[0m   15-min rate:         0.00
2019/12/25 23:32:30.15 log.go:58 ▶ INFO 03e[0m   mean rate:           0.00
2019/12/25 23:32:33.15 log.go:53 ▶ INFO 03f[0m meter http_meter
2019/12/25 23:32:33.15 log.go:54 ▶ INFO 040[0m   count:               0
2019/12/25 23:32:33.15 log.go:55 ▶ INFO 041[0m   1-min rate:          0.00
2019/12/25 23:32:33.15 log.go:56 ▶ INFO 042[0m   5-min rate:          0.00
2019/12/25 23:32:33.15 log.go:57 ▶ INFO 043[0m   15-min rate:         0.00
2019/12/25 23:32:33.15 log.go:58 ▶ INFO 044[0m   mean rate:           0.00
2019/12/25 23:32:33.15 log.go:28 ▶ INFO 045[0m gauge http_gauge
2019/12/25 23:32:33.15 log.go:29 ▶ INFO 046[0m   value:               0
2019/12/25 23:32:36.16 log.go:28 ▶ INFO 047[0m gauge http_gauge
2019/12/25 23:32:36.16 log.go:29 ▶ INFO 048[0m   value:               0
2019/12/25 23:32:36.16 log.go:53 ▶ INFO 049[0m meter http_meter
2019/12/25 23:32:36.16 log.go:54 ▶ INFO 04a[0m   count:               0
2019/12/25 23:32:36.16 log.go:55 ▶ INFO 04b[0m   1-min rate:          0.00
2019/12/25 23:32:36.16 log.go:56 ▶ INFO 04c[0m   5-min rate:          0.00
2019/12/25 23:32:36.16 log.go:57 ▶ INFO 04d[0m   15-min rate:         0.00
2019/12/25 23:32:36.16 log.go:58 ▶ INFO 04e[0m   mean rate:           0.00
2019/12/25 23:32:39.16 log.go:28 ▶ INFO 04f[0m gauge http_gauge
2019/12/25 23:32:39.16 log.go:29 ▶ INFO 050[0m   value:               0
2019/12/25 23:32:39.16 log.go:53 ▶ INFO 051[0m meter http_meter
2019/12/25 23:32:39.16 log.go:54 ▶ INFO 052[0m   count:               0
2019/12/25 23:32:39.16 log.go:55 ▶ INFO 053[0m   1-min rate:          0.00
2019/12/25 23:32:39.16 log.go:56 ▶ INFO 054[0m   5-min rate:          0.00
2019/12/25 23:32:39.16 log.go:57 ▶ INFO 055[0m   15-min rate:         0.00
2019/12/25 23:32:39.16 log.go:58 ▶ INFO 056[0m   mean rate:           0.00
2019/12/25 23:32:42.15 log.go:28 ▶ INFO 057[0m gauge http_gauge
2019/12/25 23:32:42.15 log.go:29 ▶ INFO 058[0m   value:               0
2019/12/25 23:32:42.15 log.go:53 ▶ INFO 059[0m meter http_meter
2019/12/25 23:32:42.15 log.go:54 ▶ INFO 05a[0m   count:               0
2019/12/25 23:32:42.15 log.go:55 ▶ INFO 05b[0m   1-min rate:          0.00
2019/12/25 23:32:42.15 log.go:56 ▶ INFO 05c[0m   5-min rate:          0.00
2019/12/25 23:32:42.15 log.go:57 ▶ INFO 05d[0m   15-min rate:         0.00
2019/12/25 23:32:42.15 log.go:58 ▶ INFO 05e[0m   mean rate:           0.00
2019/12/25 23:32:45.16 log.go:28 ▶ INFO 05f[0m gauge http_gauge
2019/12/25 23:32:45.16 log.go:29 ▶ INFO 060[0m   value:               0
2019/12/25 23:32:45.16 log.go:53 ▶ INFO 061[0m meter http_meter
2019/12/25 23:32:45.16 log.go:54 ▶ INFO 062[0m   count:               0
2019/12/25 23:32:45.16 log.go:55 ▶ INFO 063[0m   1-min rate:          0.00
2019/12/25 23:32:45.16 log.go:56 ▶ INFO 064[0m   5-min rate:          0.00
2019/12/25 23:32:45.16 log.go:57 ▶ INFO 065[0m   15-min rate:         0.00
2019/12/25 23:32:45.16 log.go:58 ▶ INFO 066[0m   mean rate:           0.00
2019/12/25 23:32:48.15 log.go:28 ▶ INFO 067[0m gauge http_gauge
2019/12/25 23:32:48.16 log.go:29 ▶ INFO 068[0m   value:               0
2019/12/25 23:32:48.16 log.go:53 ▶ INFO 069[0m meter http_meter
2019/12/25 23:32:48.16 log.go:54 ▶ INFO 06a[0m   count:               0
2019/12/25 23:32:48.16 log.go:55 ▶ INFO 06b[0m   1-min rate:          0.00
2019/12/25 23:32:48.16 log.go:56 ▶ INFO 06c[0m   5-min rate:          0.00
2019/12/25 23:32:48.16 log.go:57 ▶ INFO 06d[0m   15-min rate:         0.00
2019/12/25 23:32:48.16 log.go:58 ▶ INFO 06e[0m   mean rate:           0.00
2019/12/25 23:32:51.15 log.go:28 ▶ INFO 071[0m gauge http_gauge
2019/12/25 23:32:51.15 log.go:29 ▶ INFO 072[0m   value:               0
2019/12/25 23:32:51.15 log.go:53 ▶ INFO 073[0m meter http_meter
2019/12/25 23:32:51.15 log.go:54 ▶ INFO 074[0m   count:               2
2019/12/25 23:32:51.15 log.go:55 ▶ INFO 075[0m   1-min rate:          0.00
2019/12/25 23:32:51.15 log.go:56 ▶ INFO 076[0m   5-min rate:          0.00
2019/12/25 23:32:51.15 log.go:57 ▶ INFO 077[0m   15-min rate:         0.00
2019/12/25 23:32:51.15 log.go:58 ▶ INFO 078[0m   mean rate:           0.05
2019/12/25 23:32:54.15 log.go:28 ▶ INFO 079[0m gauge http_gauge
2019/12/25 23:32:54.15 log.go:29 ▶ INFO 07a[0m   value:               0
2019/12/25 23:32:54.15 log.go:53 ▶ INFO 07b[0m meter http_meter
2019/12/25 23:32:54.15 log.go:54 ▶ INFO 07c[0m   count:               2
2019/12/25 23:32:54.15 log.go:55 ▶ INFO 07d[0m   1-min rate:          0.00
2019/12/25 23:32:54.15 log.go:56 ▶ INFO 07e[0m   5-min rate:          0.00
2019/12/25 23:32:54.15 log.go:57 ▶ INFO 07f[0m   15-min rate:         0.00
2019/12/25 23:32:54.15 log.go:58 ▶ INFO 080[0m   mean rate:           0.05
2019/12/25 23:32:57.15 log.go:53 ▶ INFO 081[0m meter http_meter
2019/12/25 23:32:57.15 log.go:54 ▶ INFO 082[0m   count:               2
2019/12/25 23:32:57.16 log.go:55 ▶ INFO 083[0m   1-min rate:          0.03
2019/12/25 23:32:57.16 log.go:56 ▶ INFO 084[0m   5-min rate:          0.01
2019/12/25 23:32:57.16 log.go:57 ▶ INFO 085[0m   15-min rate:         0.00
2019/12/25 23:32:57.16 log.go:58 ▶ INFO 086[0m   mean rate:           0.04
2019/12/25 23:32:57.16 log.go:28 ▶ INFO 087[0m gauge http_gauge
2019/12/25 23:32:57.16 log.go:29 ▶ INFO 088[0m   value:               0
2019/12/25 23:33:00.15 log.go:28 ▶ INFO 089[0m gauge http_gauge
2019/12/25 23:33:00.15 log.go:29 ▶ INFO 08a[0m   value:               0
2019/12/25 23:33:00.15 log.go:53 ▶ INFO 08b[0m meter http_meter
2019/12/25 23:33:00.15 log.go:54 ▶ INFO 08c[0m   count:               2
2019/12/25 23:33:00.15 log.go:55 ▶ INFO 08d[0m   1-min rate:          0.03
2019/12/25 23:33:00.15 log.go:56 ▶ INFO 08e[0m   5-min rate:          0.01
2019/12/25 23:33:00.15 log.go:57 ▶ INFO 08f[0m   15-min rate:         0.00
2019/12/25 23:33:00.15 log.go:58 ▶ INFO 090[0m   mean rate:           0.04
2019/12/25 23:33:03.15 log.go:28 ▶ INFO 093[0m gauge http_gauge
2019/12/25 23:33:03.15 log.go:29 ▶ INFO 094[0m   value:               0
2019/12/25 23:33:03.16 log.go:53 ▶ INFO 095[0m meter http_meter
2019/12/25 23:33:03.16 log.go:54 ▶ INFO 096[0m   count:               3
2019/12/25 23:33:03.16 log.go:55 ▶ INFO 097[0m   1-min rate:          0.03
2019/12/25 23:33:03.16 log.go:56 ▶ INFO 098[0m   5-min rate:          0.01
2019/12/25 23:33:03.16 log.go:57 ▶ INFO 099[0m   15-min rate:         0.00
2019/12/25 23:33:03.16 log.go:58 ▶ INFO 09a[0m   mean rate:           0.06
2019/12/25 23:33:06.15 log.go:28 ▶ INFO 09b[0m gauge http_gauge
2019/12/25 23:33:06.15 log.go:29 ▶ INFO 09c[0m   value:               0
2019/12/25 23:33:06.15 log.go:53 ▶ INFO 09d[0m meter http_meter
2019/12/25 23:33:06.15 log.go:54 ▶ INFO 09e[0m   count:               3
2019/12/25 23:33:06.15 log.go:55 ▶ INFO 09f[0m   1-min rate:          0.04
2019/12/25 23:33:06.15 log.go:56 ▶ INFO 0a0[0m   5-min rate:          0.01
2019/12/25 23:33:06.15 log.go:57 ▶ INFO 0a1[0m   15-min rate:         0.00
2019/12/25 23:33:06.15 log.go:58 ▶ INFO 0a2[0m   mean rate:           0.05
2019/12/25 23:33:09.15 log.go:53 ▶ INFO 0a3[0m meter http_meter
2019/12/25 23:33:09.15 log.go:54 ▶ INFO 0a4[0m   count:               3
2019/12/25 23:33:09.15 log.go:55 ▶ INFO 0a5[0m   1-min rate:          0.04
2019/12/25 23:33:09.15 log.go:56 ▶ INFO 0a6[0m   5-min rate:          0.01
2019/12/25 23:33:09.15 log.go:57 ▶ INFO 0a7[0m   15-min rate:         0.00
2019/12/25 23:33:09.15 log.go:58 ▶ INFO 0a8[0m   mean rate:           0.05
2019/12/25 23:33:09.15 log.go:28 ▶ INFO 0a9[0m gauge http_gauge
2019/12/25 23:33:09.15 log.go:29 ▶ INFO 0aa[0m   value:               0
2019/12/25 23:33:12.15 log.go:53 ▶ INFO 0b0[0m meter http_meter
2019/12/25 23:33:12.15 log.go:54 ▶ INFO 0b1[0m   count:               3
2019/12/25 23:33:12.15 log.go:55 ▶ INFO 0b2[0m   1-min rate:          0.04
2019/12/25 23:33:12.15 log.go:56 ▶ INFO 0b3[0m   5-min rate:          0.01
2019/12/25 23:33:12.15 log.go:57 ▶ INFO 0b4[0m   15-min rate:         0.00
2019/12/25 23:33:12.15 log.go:58 ▶ INFO 0b5[0m   mean rate:           0.05
2019/12/25 23:33:12.15 log.go:28 ▶ INFO 0b6[0m gauge http_gauge
2019/12/25 23:33:12.15 log.go:29 ▶ INFO 0b7[0m   value:          120848
2019/12/25 23:33:15.15 log.go:28 ▶ INFO 0b8[0m gauge http_gauge
2019/12/25 23:33:15.15 log.go:29 ▶ INFO 0b9[0m   value:          120848
2019/12/25 23:33:15.15 log.go:53 ▶ INFO 0ba[0m meter http_meter
2019/12/25 23:33:15.15 log.go:54 ▶ INFO 0bb[0m   count:               3
2019/12/25 23:33:15.15 log.go:55 ▶ INFO 0bc[0m   1-min rate:          0.04
2019/12/25 23:33:15.15 log.go:56 ▶ INFO 0bd[0m   5-min rate:          0.01
2019/12/25 23:33:15.15 log.go:57 ▶ INFO 0be[0m   15-min rate:         0.00
2019/12/25 23:33:15.15 log.go:58 ▶ INFO 0bf[0m   mean rate:           0.05
2019/12/25 23:33:18.15 log.go:28 ▶ INFO 0c0[0m gauge http_gauge
2019/12/25 23:33:18.15 log.go:29 ▶ INFO 0c1[0m   value:          120848
2019/12/25 23:33:18.15 log.go:53 ▶ INFO 0c2[0m meter http_meter
2019/12/25 23:33:18.15 log.go:54 ▶ INFO 0c3[0m   count:               3
2019/12/25 23:33:18.15 log.go:55 ▶ INFO 0c4[0m   1-min rate:          0.04
2019/12/25 23:33:18.15 log.go:56 ▶ INFO 0c5[0m   5-min rate:          0.01
2019/12/25 23:33:18.15 log.go:57 ▶ INFO 0c6[0m   15-min rate:         0.00
2019/12/25 23:33:18.15 log.go:58 ▶ INFO 0c7[0m   mean rate:           0.05
2019/12/25 23:33:21.16 log.go:28 ▶ INFO 0c8[0m gauge http_gauge
2019/12/25 23:33:21.16 log.go:29 ▶ INFO 0c9[0m   value:          120848
2019/12/25 23:33:21.16 log.go:53 ▶ INFO 0ca[0m meter http_meter
2019/12/25 23:33:21.16 log.go:54 ▶ INFO 0cb[0m   count:               3
2019/12/25 23:33:21.16 log.go:55 ▶ INFO 0cc[0m   1-min rate:          0.03
2019/12/25 23:33:21.16 log.go:56 ▶ INFO 0cd[0m   5-min rate:          0.01
2019/12/25 23:33:21.16 log.go:57 ▶ INFO 0ce[0m   15-min rate:         0.00
2019/12/25 23:33:21.16 log.go:58 ▶ INFO 0cf[0m   mean rate:           0.04
2019/12/30 09:49:49.19 log.go:28 ▶ INFO 03b[0m gauge http_gauge
2019/12/30 09:49:49.19 log.go:29 ▶ INFO 03c[0m   value:          190836
2019/12/30 09:49:49.19 log.go:53 ▶ INFO 03d[0m meter http_meter
2019/12/30 09:49:49.19 log.go:54 ▶ INFO 03e[0m   count:              21
2019/12/30 09:49:49.19 log.go:55 ▶ INFO 03f[0m   1-min rate:          0.03
2019/12/30 09:49:49.19 log.go:56 ▶ INFO 040[0m   5-min rate:          0.04
2019/12/30 09:49:49.19 log.go:57 ▶ INFO 041[0m   15-min rate:         0.02
2019/12/30 09:49:49.19 log.go:58 ▶ INFO 042[0m   mean rate:           0.07
2019/12/30 09:54:49.19 log.go:28 ▶ INFO 043[0m gauge http_gauge
2019/12/30 09:54:49.19 log.go:29 ▶ INFO 044[0m   value:          190836
2019/12/30 09:54:49.19 log.go:53 ▶ INFO 045[0m meter http_meter
2019/12/30 09:54:49.19 log.go:54 ▶ INFO 046[0m   count:              21
2019/12/30 09:54:49.19 log.go:55 ▶ INFO 047[0m   1-min rate:          0.00
2019/12/30 09:54:49.19 log.go:56 ▶ INFO 048[0m   5-min rate:          0.02
2019/12/30 09:54:49.19 log.go:57 ▶ INFO 049[0m   15-min rate:         0.01
2019/12/30 09:54:49.19 log.go:58 ▶ INFO 04a[0m   mean rate:           0.04
2019/12/30 09:59:49.19 log.go:28 ▶ INFO 04b[0m gauge http_gauge
2019/12/30 09:59:49.19 log.go:29 ▶ INFO 04c[0m   value:          190836
2019/12/30 09:59:49.19 log.go:53 ▶ INFO 04d[0m meter http_meter
2019/12/30 09:59:49.19 log.go:54 ▶ INFO 04e[0m   count:              21
2019/12/30 09:59:49.19 log.go:55 ▶ INFO 04f[0m   1-min rate:          0.00
2019/12/30 09:59:49.19 log.go:56 ▶ INFO 050[0m   5-min rate:          0.01
2019/12/30 09:59:49.19 log.go:57 ▶ INFO 051[0m   15-min rate:         0.01
2019/12/30 09:59:49.19 log.go:58 ▶ INFO 052[0m   mean rate:           0.02
2019/12/30 10:04:49.19 log.go:53 ▶ INFO 053[0m meter http_meter
2019/12/30 10:04:49.19 log.go:54 ▶ INFO 054[0m   count:              21
2019/12/30 10:04:49.19 log.go:55 ▶ INFO 055[0m   1-min rate:          0.00
2019/12/30 10:04:49.19 log.go:56 ▶ INFO 056[0m   5-min rate:          0.00
2019/12/30 10:04:49.19 log.go:57 ▶ INFO 057[0m   15-min rate:         0.01
2019/12/30 10:04:49.19 log.go:58 ▶ INFO 058[0m   mean rate:           0.02
2019/12/30 10:04:49.19 log.go:28 ▶ INFO 059[0m gauge http_gauge
2019/12/30 10:04:49.19 log.go:29 ▶ INFO 05a[0m   value:          190836
2019/12/30 10:09:49.19 log.go:28 ▶ INFO 05b[0m gauge http_gauge
2019/12/30 10:09:49.19 log.go:29 ▶ INFO 05c[0m   value:          190836
2019/12/30 10:09:49.19 log.go:53 ▶ INFO 05d[0m meter http_meter
2019/12/30 10:09:49.19 log.go:54 ▶ INFO 05e[0m   count:              21
2019/12/30 10:09:49.19 log.go:55 ▶ INFO 05f[0m   1-min rate:          0.00
2019/12/30 10:09:49.19 log.go:56 ▶ INFO 060[0m   5-min rate:          0.00
2019/12/30 10:09:49.19 log.go:57 ▶ INFO 061[0m   15-min rate:         0.01
2019/12/30 10:09:49.19 log.go:58 ▶ INFO 062[0m   mean rate:           0.01
2019/12/30 10:14:49.19 log.go:28 ▶ INFO 063[0m gauge http_gauge
2019/12/30 10:14:49.19 log.go:29 ▶ INFO 064[0m   value:          190836
2019/12/30 10:14:49.19 log.go:53 ▶ INFO 065[0m meter http_meter
2019/12/30 10:14:49.19 log.go:54 ▶ INFO 066[0m   count:              21
2019/12/30 10:14:49.19 log.go:55 ▶ INFO 067[0m   1-min rate:          0.00
2019/12/30 10:14:49.19 log.go:56 ▶ INFO 068[0m   5-min rate:          0.00
2019/12/30 10:14:49.19 log.go:57 ▶ INFO 069[0m   15-min rate:         0.00
2019/12/30 10:14:49.20 log.go:58 ▶ INFO 06a[0m   mean rate:           0.01
2019/12/30 10:19:49.19 log.go:28 ▶ INFO 06b[0m gauge http_gauge
2019/12/30 10:19:49.19 log.go:29 ▶ INFO 06c[0m   value:          190836
2019/12/30 10:19:49.19 log.go:53 ▶ INFO 06d[0m meter http_meter
2019/12/30 10:19:49.19 log.go:54 ▶ INFO 06e[0m   count:              21
2019/12/30 10:19:49.19 log.go:55 ▶ INFO 06f[0m   1-min rate:          0.00
2019/12/30 10:19:49.19 log.go:56 ▶ INFO 070[0m   5-min rate:          0.00
2019/12/30 10:19:49.19 log.go:57 ▶ INFO 071[0m   15-min rate:         0.00
2019/12/30 10:19:49.19 log.go:58 ▶ INFO 072[0m   mean rate:           0.01
2019/12/30 10:24:49.19 log.go:28 ▶ INFO 073[0m gauge http_gauge
2019/12/30 10:24:49.19 log.go:29 ▶ INFO 074[0m   value:          190836
2019/12/30 10:24:49.19 log.go:53 ▶ INFO 075[0m meter http_meter
2019/12/30 10:24:49.19 log.go:54 ▶ INFO 076[0m   count:              21
2019/12/30 10:24:49.19 log.go:55 ▶ INFO 077[0m   1-min rate:          0.00
2019/12/30 10:24:49.19 log.go:56 ▶ INFO 078[0m   5-min rate:          0.00
2019/12/30 10:24:49.19 log.go:57 ▶ INFO 079[0m   15-min rate:         0.00
2019/12/30 10:24:49.19 log.go:58 ▶ INFO 07a[0m   mean rate:           0.01
2019/12/30 12:37:22.11 log.go:53 ▶ INFO 007[0m meter http_meter
2019/12/30 12:37:22.11 log.go:54 ▶ INFO 008[0m   count:               0
2019/12/30 12:37:22.11 log.go:55 ▶ INFO 009[0m   1-min rate:          0.00
2019/12/30 12:37:22.11 log.go:56 ▶ INFO 00a[0m   5-min rate:          0.00
2019/12/30 12:37:22.11 log.go:57 ▶ INFO 00b[0m   15-min rate:         0.00
2019/12/30 12:37:22.11 log.go:58 ▶ INFO 00c[0m   mean rate:           0.00
2019/12/30 12:37:22.11 log.go:28 ▶ INFO 00d[0m gauge http_gauge
2019/12/30 12:37:22.11 log.go:29 ▶ INFO 00e[0m   value:               0
2019/12/30 12:46:40.78 log.go:28 ▶ INFO 013[0m gauge http_gauge
2019/12/30 12:46:40.78 log.go:29 ▶ INFO 014[0m   value:               0
2019/12/30 12:46:40.78 log.go:53 ▶ INFO 015[0m meter http_meter
2019/12/30 12:46:40.78 log.go:54 ▶ INFO 016[0m   count:               0
2019/12/30 12:46:40.78 log.go:55 ▶ INFO 017[0m   1-min rate:          0.00
2019/12/30 12:46:40.78 log.go:56 ▶ INFO 018[0m   5-min rate:          0.00
2019/12/30 12:46:40.78 log.go:57 ▶ INFO 019[0m   15-min rate:         0.00
2019/12/30 12:46:40.78 log.go:58 ▶ INFO 01a[0m   mean rate:           0.00
2019/12/30 12:48:07.67 log.go:53 ▶ INFO 01b[0m meter http_meter
2019/12/30 12:48:07.67 log.go:54 ▶ INFO 01c[0m   count:               0
2019/12/30 12:48:07.67 log.go:55 ▶ INFO 01d[0m   1-min rate:          0.00
2019/12/30 12:48:07.67 log.go:56 ▶ INFO 01e[0m   5-min rate:          0.00
2019/12/30 12:48:07.67 log.go:57 ▶ INFO 01f[0m   15-min rate:         0.00
2019/12/30 12:48:07.67 log.go:58 ▶ INFO 020[0m   mean rate:           0.00
2019/12/30 12:48:07.67 log.go:28 ▶ INFO 021[0m gauge http_gauge
2019/12/30 12:48:07.67 log.go:29 ▶ INFO 022[0m   value:               0
2019/12/30 12:51:40.78 log.go:28 ▶ INFO 023[0m gauge http_gauge
2019/12/30 12:51:40.78 log.go:29 ▶ INFO 024[0m   value:               0
2019/12/30 12:51:40.78 log.go:53 ▶ INFO 025[0m meter http_meter
2019/12/30 12:51:40.78 log.go:54 ▶ INFO 026[0m   count:               0
2019/12/30 12:51:40.78 log.go:55 ▶ INFO 027[0m   1-min rate:          0.00
2019/12/30 12:51:40.78 log.go:56 ▶ INFO 028[0m   5-min rate:          0.00
2019/12/30 12:51:40.78 log.go:57 ▶ INFO 029[0m   15-min rate:         0.00
2019/12/30 12:51:40.78 log.go:58 ▶ INFO 02a[0m   mean rate:           0.00
2019/12/30 12:53:07.67 log.go:28 ▶ INFO 02b[0m gauge http_gauge
2019/12/30 12:53:07.67 log.go:29 ▶ INFO 02c[0m   value:               0
2019/12/30 12:53:07.67 log.go:53 ▶ INFO 02d[0m meter http_meter
2019/12/30 12:53:07.67 log.go:54 ▶ INFO 02e[0m   count:               0
2019/12/30 12:53:07.67 log.go:55 ▶ INFO 02f[0m   1-min rate:          0.00
2019/12/30 12:53:07.67 log.go:56 ▶ INFO 030[0m   5-min rate:          0.00
2019/12/30 12:53:07.67 log.go:57 ▶ INFO 031[0m   15-min rate:         0.00
2019/12/30 12:53:07.67 log.go:58 ▶ INFO 032[0m   mean rate:           0.00
2019/12/30 12:56:40.78 log.go:28 ▶ INFO 033[0m gauge http_gauge
2019/12/30 12:56:40.78 log.go:29 ▶ INFO 034[0m   value:               0
2019/12/30 12:56:40.78 log.go:53 ▶ INFO 035[0m meter http_meter
2019/12/30 12:56:40.78 log.go:54 ▶ INFO 036[0m   count:               0
2019/12/30 12:56:40.78 log.go:55 ▶ INFO 037[0m   1-min rate:          0.00
2019/12/30 12:56:40.78 log.go:56 ▶ INFO 038[0m   5-min rate:          0.00
2019/12/30 12:56:40.78 log.go:57 ▶ INFO 039[0m   15-min rate:         0.00
2019/12/30 12:56:40.78 log.go:58 ▶ INFO 03a[0m   mean rate:           0.00
2019/12/30 12:58:07.67 log.go:53 ▶ INFO 03b[0m meter http_meter
2019/12/30 12:58:07.67 log.go:54 ▶ INFO 03c[0m   count:               0
2019/12/30 12:58:07.67 log.go:55 ▶ INFO 03d[0m   1-min rate:          0.00
2019/12/30 12:58:07.67 log.go:56 ▶ INFO 03e[0m   5-min rate:          0.00
2019/12/30 12:58:07.67 log.go:57 ▶ INFO 03f[0m   15-min rate:         0.00
2019/12/30 12:58:07.67 log.go:58 ▶ INFO 040[0m   mean rate:           0.00
2019/12/30 12:58:07.67 log.go:28 ▶ INFO 041[0m gauge http_gauge
2019/12/30 12:58:07.67 log.go:29 ▶ INFO 042[0m   value:               0
2019/12/30 13:01:40.78 log.go:28 ▶ INFO 043[0m gauge http_gauge
2019/12/30 13:01:40.78 log.go:29 ▶ INFO 044[0m   value:               0
2019/12/30 13:01:40.79 log.go:53 ▶ INFO 045[0m meter http_meter
2019/12/30 13:01:40.79 log.go:54 ▶ INFO 046[0m   count:               0
2019/12/30 13:01:40.79 log.go:55 ▶ INFO 047[0m   1-min rate:          0.00
2019/12/30 13:01:40.79 log.go:56 ▶ INFO 048[0m   5-min rate:          0.00
2019/12/30 13:01:40.79 log.go:57 ▶ INFO 049[0m   15-min rate:         0.00
2019/12/30 13:01:40.79 log.go:58 ▶ INFO 04a[0m   mean rate:           0.00
2019/12/30 13:03:07.67 log.go:28 ▶ INFO 04b[0m gauge http_gauge
2019/12/30 13:03:07.67 log.go:29 ▶ INFO 04c[0m   value:               0
2019/12/30 13:03:07.67 log.go:53 ▶ INFO 04d[0m meter http_meter
2019/12/30 13:03:07.67 log.go:54 ▶ INFO 04e[0m   count:               0
2019/12/30 13:03:07.67 log.go:55 ▶ INFO 04f[0m   1-min rate:          0.00
2019/12/30 13:03:07.67 log.go:56 ▶ INFO 050[0m   5-min rate:          0.00
2019/12/30 13:03:07.67 log.go:57 ▶ INFO 051[0m   15-min rate:         0.00
2019/12/30 13:03:07.67 log.go:58 ▶ INFO 052[0m   mean rate:           0.00
2019/12/30 13:06:40.78 log.go:28 ▶ INFO 053[0m gauge http_gauge
2019/12/30 13:06:40.78 log.go:29 ▶ INFO 054[0m   value:               0
2019/12/30 13:06:40.78 log.go:53 ▶ INFO 055[0m meter http_meter
2019/12/30 13:06:40.78 log.go:54 ▶ INFO 056[0m   count:               0
2019/12/30 13:06:40.78 log.go:55 ▶ INFO 057[0m   1-min rate:          0.00
2019/12/30 13:06:40.78 log.go:56 ▶ INFO 058[0m   5-min rate:          0.00
2019/12/30 13:06:40.78 log.go:57 ▶ INFO 059[0m   15-min rate:         0.00
2019/12/30 13:06:40.78 log.go:58 ▶ INFO 05a[0m   mean rate:           0.00
2019/12/30 13:08:07.67 log.go:28 ▶ INFO 05b[0m gauge http_gauge
2019/12/30 13:08:07.67 log.go:29 ▶ INFO 05c[0m   value:               0
2019/12/30 13:08:07.67 log.go:53 ▶ INFO 05d[0m meter http_meter
2019/12/30 13:08:07.67 log.go:54 ▶ INFO 05e[0m   count:               0
2019/12/30 13:08:07.67 log.go:55 ▶ INFO 05f[0m   1-min rate:          0.00
2019/12/30 13:08:07.67 log.go:56 ▶ INFO 060[0m   5-min rate:          0.00
2019/12/30 13:08:07.67 log.go:57 ▶ INFO 061[0m   15-min rate:         0.00
2019/12/30 13:08:07.67 log.go:58 ▶ INFO 062[0m   mean rate:           0.00
2019/12/30 13:11:40.78 log.go:53 ▶ INFO 063[0m meter http_meter
2019/12/30 13:11:40.78 log.go:54 ▶ INFO 064[0m   count:               0
2019/12/30 13:11:40.78 log.go:55 ▶ INFO 065[0m   1-min rate:          0.00
2019/12/30 13:11:40.78 log.go:56 ▶ INFO 066[0m   5-min rate:          0.00
2019/12/30 13:11:40.78 log.go:57 ▶ INFO 067[0m   15-min rate:         0.00
2019/12/30 13:11:40.78 log.go:58 ▶ INFO 068[0m   mean rate:           0.00
2019/12/30 13:11:40.78 log.go:28 ▶ INFO 069[0m gauge http_gauge
2019/12/30 13:11:40.78 log.go:29 ▶ INFO 06a[0m   value:               0
2019/12/30 13:13:07.67 log.go:53 ▶ INFO 06b[0m meter http_meter
2019/12/30 13:13:07.67 log.go:54 ▶ INFO 06c[0m   count:               0
2019/12/30 13:13:07.67 log.go:55 ▶ INFO 06d[0m   1-min rate:          0.00
2019/12/30 13:13:07.67 log.go:56 ▶ INFO 06e[0m   5-min rate:          0.00
2019/12/30 13:13:07.67 log.go:57 ▶ INFO 06f[0m   15-min rate:         0.00
2019/12/30 13:13:07.67 log.go:58 ▶ INFO 070[0m   mean rate:           0.00
2019/12/30 13:13:07.67 log.go:28 ▶ INFO 071[0m gauge http_gauge
2019/12/30 13:13:07.67 log.go:29 ▶ INFO 072[0m   value:               0
2019/12/30 13:16:40.78 log.go:53 ▶ INFO 073[0m meter http_meter
2019/12/30 13:16:40.78 log.go:54 ▶ INFO 074[0m   count:               0
2019/12/30 13:16:40.79 log.go:55 ▶ INFO 075[0m   1-min rate:          0.00
2019/12/30 13:16:40.79 log.go:56 ▶ INFO 076[0m   5-min rate:          0.00
2019/12/30 13:16:40.79 log.go:57 ▶ INFO 077[0m   15-min rate:         0.00
2019/12/30 13:16:40.79 log.go:58 ▶ INFO 078[0m   mean rate:           0.00
2019/12/30 13:16:40.79 log.go:28 ▶ INFO 079[0m gauge http_gauge
2019/12/30 13:16:40.79 log.go:29 ▶ INFO 07a[0m   value:               0
2019/12/30 13:18:07.67 log.go:28 ▶ INFO 07b[0m gauge http_gauge
2019/12/30 13:18:07.67 log.go:29 ▶ INFO 07c[0m   value:               0
2019/12/30 13:18:07.67 log.go:53 ▶ INFO 07d[0m meter http_meter
2019/12/30 13:18:07.67 log.go:54 ▶ INFO 07e[0m   count:               0
2019/12/30 13:18:07.67 log.go:55 ▶ INFO 07f[0m   1-min rate:          0.00
2019/12/30 13:18:07.67 log.go:56 ▶ INFO 080[0m   5-min rate:          0.00
2019/12/30 13:18:07.67 log.go:57 ▶ INFO 081[0m   15-min rate:         0.00
2019/12/30 13:18:07.67 log.go:58 ▶ INFO 082[0m   mean rate:           0.00
2019/12/30 13:21:40.78 log.go:28 ▶ INFO 083[0m gauge http_gauge
2019/12/30 13:21:40.78 log.go:29 ▶ INFO 084[0m   value:               0
2019/12/30 13:21:40.78 log.go:53 ▶ INFO 085[0m meter http_meter
2019/12/30 13:21:40.78 log.go:54 ▶ INFO 086[0m   count:               0
2019/12/30 13:21:40.78 log.go:55 ▶ INFO 087[0m   1-min rate:          0.00
2019/12/30 13:21:40.78 log.go:56 ▶ INFO 088[0m   5-min rate:          0.00
2019/12/30 13:21:40.78 log.go:57 ▶ INFO 089[0m   15-min rate:         0.00
2019/12/30 13:21:40.78 log.go:58 ▶ INFO 08a[0m   mean rate:           0.00
2019/12/30 13:23:07.67 log.go:53 ▶ INFO 08b[0m meter http_meter
2019/12/30 13:23:07.67 log.go:54 ▶ INFO 08c[0m   count:               0
2019/12/30 13:23:07.67 log.go:55 ▶ INFO 08d[0m   1-min rate:          0.00
2019/12/30 13:23:07.67 log.go:56 ▶ INFO 08e[0m   5-min rate:          0.00
2019/12/30 13:23:07.67 log.go:57 ▶ INFO 08f[0m   15-min rate:         0.00
2019/12/30 13:23:07.67 log.go:58 ▶ INFO 090[0m   mean rate:           0.00
2019/12/30 13:23:07.67 log.go:28 ▶ INFO 091[0m gauge http_gauge
2019/12/30 13:23:07.67 log.go:29 ▶ INFO 092[0m   value:               0
2019/12/30 13:26:40.78 log.go:28 ▶ INFO 093[0m gauge http_gauge
2019/12/30 13:26:40.78 log.go:29 ▶ INFO 094[0m   value:               0
2019/12/30 13:26:40.78 log.go:53 ▶ INFO 095[0m meter http_meter
2019/12/30 13:26:40.78 log.go:54 ▶ INFO 096[0m   count:               0
2019/12/30 13:26:40.78 log.go:55 ▶ INFO 097[0m   1-min rate:          0.00
2019/12/30 13:26:40.78 log.go:56 ▶ INFO 098[0m   5-min rate:          0.00
2019/12/30 13:26:40.78 log.go:57 ▶ INFO 099[0m   15-min rate:         0.00
2019/12/30 13:26:40.78 log.go:58 ▶ INFO 09a[0m   mean rate:           0.00
2019/12/30 13:28:07.67 log.go:28 ▶ INFO 09b[0m gauge http_gauge
2019/12/30 13:28:07.67 log.go:29 ▶ INFO 09c[0m   value:               0
2019/12/30 13:28:07.67 log.go:53 ▶ INFO 09d[0m meter http_meter
2019/12/30 13:28:07.67 log.go:54 ▶ INFO 09e[0m   count:               0
2019/12/30 13:28:07.67 log.go:55 ▶ INFO 09f[0m   1-min rate:          0.00
2019/12/30 13:28:07.67 log.go:56 ▶ INFO 0a0[0m   5-min rate:          0.00
2019/12/30 13:28:07.67 log.go:57 ▶ INFO 0a1[0m   15-min rate:         0.00
2019/12/30 13:28:07.67 log.go:58 ▶ INFO 0a2[0m   mean rate:           0.00
2019/12/30 13:31:40.78 log.go:28 ▶ INFO 0a3[0m gauge http_gauge
2019/12/30 13:31:40.78 log.go:29 ▶ INFO 0a4[0m   value:               0
2019/12/30 13:31:40.78 log.go:53 ▶ INFO 0a5[0m meter http_meter
2019/12/30 13:31:40.78 log.go:54 ▶ INFO 0a6[0m   count:               0
2019/12/30 13:31:40.78 log.go:55 ▶ INFO 0a7[0m   1-min rate:          0.00
2019/12/30 13:31:40.78 log.go:56 ▶ INFO 0a8[0m   5-min rate:          0.00
2019/12/30 13:31:40.78 log.go:57 ▶ INFO 0a9[0m   15-min rate:         0.00
2019/12/30 13:31:40.78 log.go:58 ▶ INFO 0aa[0m   mean rate:           0.00
2019/12/30 13:33:07.67 log.go:53 ▶ INFO 0ab[0m meter http_meter
2019/12/30 13:33:07.67 log.go:54 ▶ INFO 0ac[0m   count:               0
2019/12/30 13:33:07.67 log.go:55 ▶ INFO 0ad[0m   1-min rate:          0.00
2019/12/30 13:33:07.67 log.go:56 ▶ INFO 0ae[0m   5-min rate:          0.00
2019/12/30 13:33:07.67 log.go:57 ▶ INFO 0af[0m   15-min rate:         0.00
2019/12/30 13:33:07.67 log.go:58 ▶ INFO 0b0[0m   mean rate:           0.00
2019/12/30 13:33:07.67 log.go:28 ▶ INFO 0b1[0m gauge http_gauge
2019/12/30 13:33:07.67 log.go:29 ▶ INFO 0b2[0m   value:               0
2019/12/30 13:36:40.78 log.go:28 ▶ INFO 0b3[0m gauge http_gauge
2019/12/30 13:36:40.78 log.go:29 ▶ INFO 0b4[0m   value:               0
2019/12/30 13:36:40.79 log.go:53 ▶ INFO 0b5[0m meter http_meter
2019/12/30 13:36:40.79 log.go:54 ▶ INFO 0b6[0m   count:               0
2019/12/30 13:36:40.79 log.go:55 ▶ INFO 0b7[0m   1-min rate:          0.00
2019/12/30 13:36:40.79 log.go:56 ▶ INFO 0b8[0m   5-min rate:          0.00
2019/12/30 13:36:40.79 log.go:57 ▶ INFO 0b9[0m   15-min rate:         0.00
2019/12/30 13:36:40.79 log.go:58 ▶ INFO 0ba[0m   mean rate:           0.00
2019/12/30 13:38:07.67 log.go:28 ▶ INFO 0bb[0m gauge http_gauge
2019/12/30 13:38:07.67 log.go:29 ▶ INFO 0bc[0m   value:               0
2019/12/30 13:38:07.67 log.go:53 ▶ INFO 0bd[0m meter http_meter
2019/12/30 13:38:07.67 log.go:54 ▶ INFO 0be[0m   count:               0
2019/12/30 13:38:07.67 log.go:55 ▶ INFO 0bf[0m   1-min rate:          0.00
2019/12/30 13:38:07.67 log.go:56 ▶ INFO 0c0[0m   5-min rate:          0.00
2019/12/30 13:38:07.67 log.go:57 ▶ INFO 0c1[0m   15-min rate:         0.00
2019/12/30 13:38:07.67 log.go:58 ▶ INFO 0c2[0m   mean rate:           0.00
2019/12/30 13:41:40.78 log.go:28 ▶ INFO 0c3[0m gauge http_gauge
2019/12/30 13:41:40.78 log.go:29 ▶ INFO 0c4[0m   value:               0
2019/12/30 13:41:40.79 log.go:53 ▶ INFO 0c5[0m meter http_meter
2019/12/30 13:41:40.79 log.go:54 ▶ INFO 0c6[0m   count:               0
2019/12/30 13:41:40.79 log.go:55 ▶ INFO 0c7[0m   1-min rate:          0.00
2019/12/30 13:41:40.79 log.go:56 ▶ INFO 0c8[0m   5-min rate:          0.00
2019/12/30 13:41:40.79 log.go:57 ▶ INFO 0c9[0m   15-min rate:         0.00
2019/12/30 13:41:40.79 log.go:58 ▶ INFO 0ca[0m   mean rate:           0.00
2019/12/30 13:43:07.67 log.go:28 ▶ INFO 0cb[0m gauge http_gauge
2019/12/30 13:43:07.67 log.go:29 ▶ INFO 0cc[0m   value:               0
2019/12/30 13:43:07.67 log.go:53 ▶ INFO 0cd[0m meter http_meter
2019/12/30 13:43:07.67 log.go:54 ▶ INFO 0ce[0m   count:               0
2019/12/30 13:43:07.67 log.go:55 ▶ INFO 0cf[0m   1-min rate:          0.00
2019/12/30 13:43:07.67 log.go:56 ▶ INFO 0d0[0m   5-min rate:          0.00
2019/12/30 13:43:07.67 log.go:57 ▶ INFO 0d1[0m   15-min rate:         0.00
2019/12/30 13:43:07.67 log.go:58 ▶ INFO 0d2[0m   mean rate:           0.00
2019/12/30 13:46:40.78 log.go:28 ▶ INFO 0d3[0m gauge http_gauge
2019/12/30 13:46:40.78 log.go:29 ▶ INFO 0d4[0m   value:               0
2019/12/30 13:46:40.78 log.go:53 ▶ INFO 0d5[0m meter http_meter
2019/12/30 13:46:40.78 log.go:54 ▶ INFO 0d6[0m   count:               0
2019/12/30 13:46:40.78 log.go:55 ▶ INFO 0d7[0m   1-min rate:          0.00
2019/12/30 13:46:40.78 log.go:56 ▶ INFO 0d8[0m   5-min rate:          0.00
2019/12/30 13:46:40.78 log.go:57 ▶ INFO 0d9[0m   15-min rate:         0.00
2019/12/30 13:46:40.78 log.go:58 ▶ INFO 0da[0m   mean rate:           0.00
2019/12/30 13:48:07.67 log.go:53 ▶ INFO 0db[0m meter http_meter
2019/12/30 13:48:07.67 log.go:54 ▶ INFO 0dc[0m   count:               0
2019/12/30 13:48:07.67 log.go:55 ▶ INFO 0dd[0m   1-min rate:          0.00
2019/12/30 13:48:07.67 log.go:56 ▶ INFO 0de[0m   5-min rate:          0.00
2019/12/30 13:48:07.67 log.go:57 ▶ INFO 0df[0m   15-min rate:         0.00
2019/12/30 13:48:07.67 log.go:58 ▶ INFO 0e0[0m   mean rate:           0.00
2019/12/30 13:48:07.67 log.go:28 ▶ INFO 0e1[0m gauge http_gauge
2019/12/30 13:48:07.67 log.go:29 ▶ INFO 0e2[0m   value:               0
2019/12/30 13:51:40.78 log.go:28 ▶ INFO 0e3[0m gauge http_gauge
2019/12/30 13:51:40.78 log.go:29 ▶ INFO 0e4[0m   value:               0
2019/12/30 13:51:40.78 log.go:53 ▶ INFO 0e5[0m meter http_meter
2019/12/30 13:51:40.78 log.go:54 ▶ INFO 0e6[0m   count:               0
2019/12/30 13:51:40.78 log.go:55 ▶ INFO 0e7[0m   1-min rate:          0.00
2019/12/30 13:51:40.78 log.go:56 ▶ INFO 0e8[0m   5-min rate:          0.00
2019/12/30 13:51:40.78 log.go:57 ▶ INFO 0e9[0m   15-min rate:         0.00
2019/12/30 13:51:40.78 log.go:58 ▶ INFO 0ea[0m   mean rate:           0.00
2019/12/30 13:53:07.67 log.go:28 ▶ INFO 0eb[0m gauge http_gauge
2019/12/30 13:53:07.67 log.go:29 ▶ INFO 0ec[0m   value:               0
2019/12/30 13:53:07.67 log.go:53 ▶ INFO 0ed[0m meter http_meter
2019/12/30 13:53:07.67 log.go:54 ▶ INFO 0ee[0m   count:               0
2019/12/30 13:53:07.67 log.go:55 ▶ INFO 0ef[0m   1-min rate:          0.00
2019/12/30 13:53:07.67 log.go:56 ▶ INFO 0f0[0m   5-min rate:          0.00
2019/12/30 13:53:07.67 log.go:57 ▶ INFO 0f1[0m   15-min rate:         0.00
2019/12/30 13:53:07.67 log.go:58 ▶ INFO 0f2[0m   mean rate:           0.00
2019/12/30 13:56:40.78 log.go:28 ▶ INFO 0f3[0m gauge http_gauge
2019/12/30 13:56:40.78 log.go:29 ▶ INFO 0f4[0m   value:               0
2019/12/30 13:56:40.78 log.go:53 ▶ INFO 0f5[0m meter http_meter
2019/12/30 13:56:40.78 log.go:54 ▶ INFO 0f6[0m   count:               0
2019/12/30 13:56:40.78 log.go:55 ▶ INFO 0f7[0m   1-min rate:          0.00
2019/12/30 13:56:40.78 log.go:56 ▶ INFO 0f8[0m   5-min rate:          0.00
2019/12/30 13:56:40.78 log.go:57 ▶ INFO 0f9[0m   15-min rate:         0.00
2019/12/30 13:56:40.78 log.go:58 ▶ INFO 0fa[0m   mean rate:           0.00
2019/12/30 13:58:07.67 log.go:28 ▶ INFO 0fb[0m gauge http_gauge
2019/12/30 13:58:07.67 log.go:29 ▶ INFO 0fc[0m   value:               0
2019/12/30 13:58:07.67 log.go:53 ▶ INFO 0fd[0m meter http_meter
2019/12/30 13:58:07.67 log.go:54 ▶ INFO 0fe[0m   count:               0
2019/12/30 13:58:07.67 log.go:55 ▶ INFO 0ff[0m   1-min rate:          0.00
2019/12/30 13:58:07.67 log.go:56 ▶ INFO 100[0m   5-min rate:          0.00
2019/12/30 13:58:07.67 log.go:57 ▶ INFO 101[0m   15-min rate:         0.00
2019/12/30 13:58:07.67 log.go:58 ▶ INFO 102[0m   mean rate:           0.00
2019/12/30 14:01:40.78 log.go:28 ▶ INFO 103[0m gauge http_gauge
2019/12/30 14:01:40.78 log.go:29 ▶ INFO 104[0m   value:               0
2019/12/30 14:01:40.78 log.go:53 ▶ INFO 105[0m meter http_meter
2019/12/30 14:01:40.78 log.go:54 ▶ INFO 106[0m   count:               0
2019/12/30 14:01:40.78 log.go:55 ▶ INFO 107[0m   1-min rate:          0.00
2019/12/30 14:01:40.78 log.go:56 ▶ INFO 108[0m   5-min rate:          0.00
2019/12/30 14:01:40.78 log.go:57 ▶ INFO 109[0m   15-min rate:         0.00
2019/12/30 14:01:40.78 log.go:58 ▶ INFO 10a[0m   mean rate:           0.00
2019/12/30 14:03:07.67 log.go:28 ▶ INFO 10b[0m gauge http_gauge
2019/12/30 14:03:07.67 log.go:29 ▶ INFO 10c[0m   value:               0
2019/12/30 14:03:07.67 log.go:53 ▶ INFO 10d[0m meter http_meter
2019/12/30 14:03:07.67 log.go:54 ▶ INFO 10e[0m   count:               0
2019/12/30 14:03:07.67 log.go:55 ▶ INFO 10f[0m   1-min rate:          0.00
2019/12/30 14:03:07.67 log.go:56 ▶ INFO 110[0m   5-min rate:          0.00
2019/12/30 14:03:07.67 log.go:57 ▶ INFO 111[0m   15-min rate:         0.00
2019/12/30 14:03:07.67 log.go:58 ▶ INFO 112[0m   mean rate:           0.00
2019/12/30 14:06:40.78 log.go:28 ▶ INFO 113[0m gauge http_gauge
2019/12/30 14:06:40.78 log.go:29 ▶ INFO 114[0m   value:               0
2019/12/30 14:06:40.78 log.go:53 ▶ INFO 115[0m meter http_meter
2019/12/30 14:06:40.78 log.go:54 ▶ INFO 116[0m   count:               0
2019/12/30 14:06:40.78 log.go:55 ▶ INFO 117[0m   1-min rate:          0.00
2019/12/30 14:06:40.78 log.go:56 ▶ INFO 118[0m   5-min rate:          0.00
2019/12/30 14:06:40.78 log.go:57 ▶ INFO 119[0m   15-min rate:         0.00
2019/12/30 14:06:40.78 log.go:58 ▶ INFO 11a[0m   mean rate:           0.00
2019/12/30 14:08:07.67 log.go:53 ▶ INFO 11b[0m meter http_meter
2019/12/30 14:08:07.67 log.go:54 ▶ INFO 11c[0m   count:               0
2019/12/30 14:08:07.67 log.go:55 ▶ INFO 11d[0m   1-min rate:          0.00
2019/12/30 14:08:07.67 log.go:56 ▶ INFO 11e[0m   5-min rate:          0.00
2019/12/30 14:08:07.67 log.go:57 ▶ INFO 11f[0m   15-min rate:         0.00
2019/12/30 14:08:07.67 log.go:58 ▶ INFO 120[0m   mean rate:           0.00
2019/12/30 14:08:07.67 log.go:28 ▶ INFO 121[0m gauge http_gauge
2019/12/30 14:08:07.67 log.go:29 ▶ INFO 122[0m   value:               0
2019/12/30 14:11:40.78 log.go:53 ▶ INFO 123[0m meter http_meter
2019/12/30 14:11:40.78 log.go:54 ▶ INFO 124[0m   count:               0
2019/12/30 14:11:40.78 log.go:55 ▶ INFO 125[0m   1-min rate:          0.00
2019/12/30 14:11:40.78 log.go:56 ▶ INFO 126[0m   5-min rate:          0.00
2019/12/30 14:11:40.78 log.go:57 ▶ INFO 127[0m   15-min rate:         0.00
2019/12/30 14:11:40.78 log.go:58 ▶ INFO 128[0m   mean rate:           0.00
2019/12/30 14:11:40.78 log.go:28 ▶ INFO 129[0m gauge http_gauge
2019/12/30 14:11:40.78 log.go:29 ▶ INFO 12a[0m   value:               0
2019/12/30 14:13:07.67 log.go:53 ▶ INFO 12b[0m meter http_meter
2019/12/30 14:13:07.67 log.go:54 ▶ INFO 12c[0m   count:               0
2019/12/30 14:13:07.67 log.go:55 ▶ INFO 12d[0m   1-min rate:          0.00
2019/12/30 14:13:07.67 log.go:56 ▶ INFO 12e[0m   5-min rate:          0.00
2019/12/30 14:13:07.67 log.go:57 ▶ INFO 12f[0m   15-min rate:         0.00
2019/12/30 14:13:07.67 log.go:58 ▶ INFO 130[0m   mean rate:           0.00
2019/12/30 14:13:07.67 log.go:28 ▶ INFO 131[0m gauge http_gauge
2019/12/30 14:13:07.67 log.go:29 ▶ INFO 132[0m   value:               0
2019/12/30 14:16:40.78 log.go:28 ▶ INFO 133[0m gauge http_gauge
2019/12/30 14:16:40.78 log.go:29 ▶ INFO 134[0m   value:               0
2019/12/30 14:16:40.78 log.go:53 ▶ INFO 135[0m meter http_meter
2019/12/30 14:16:40.78 log.go:54 ▶ INFO 136[0m   count:               0
2019/12/30 14:16:40.78 log.go:55 ▶ INFO 137[0m   1-min rate:          0.00
2019/12/30 14:16:40.78 log.go:56 ▶ INFO 138[0m   5-min rate:          0.00
2019/12/30 14:16:40.78 log.go:57 ▶ INFO 139[0m   15-min rate:         0.00
2019/12/30 14:16:40.78 log.go:58 ▶ INFO 13a[0m   mean rate:           0.00
2019/12/30 14:18:07.67 log.go:28 ▶ INFO 13b[0m gauge http_gauge
2019/12/30 14:18:07.67 log.go:29 ▶ INFO 13c[0m   value:               0
2019/12/30 14:18:07.67 log.go:53 ▶ INFO 13d[0m meter http_meter
2019/12/30 14:18:07.67 log.go:54 ▶ INFO 13e[0m   count:               0
2019/12/30 14:18:07.67 log.go:55 ▶ INFO 13f[0m   1-min rate:          0.00
2019/12/30 14:18:07.67 log.go:56 ▶ INFO 140[0m   5-min rate:          0.00
2019/12/30 14:18:07.67 log.go:57 ▶ INFO 141[0m   15-min rate:         0.00
2019/12/30 14:18:07.67 log.go:58 ▶ INFO 142[0m   mean rate:           0.00
2019/12/30 14:21:40.78 log.go:53 ▶ INFO 143[0m meter http_meter
2019/12/30 14:21:40.78 log.go:54 ▶ INFO 144[0m   count:               0
2019/12/30 14:21:40.78 log.go:55 ▶ INFO 145[0m   1-min rate:          0.00
2019/12/30 14:21:40.78 log.go:56 ▶ INFO 146[0m   5-min rate:          0.00
2019/12/30 14:21:40.78 log.go:57 ▶ INFO 147[0m   15-min rate:         0.00
2019/12/30 14:21:40.78 log.go:58 ▶ INFO 148[0m   mean rate:           0.00
2019/12/30 14:21:40.78 log.go:28 ▶ INFO 149[0m gauge http_gauge
2019/12/30 14:21:40.78 log.go:29 ▶ INFO 14a[0m   value:               0
2019/12/30 14:23:07.67 log.go:28 ▶ INFO 14b[0m gauge http_gauge
2019/12/30 14:23:07.67 log.go:29 ▶ INFO 14c[0m   value:               0
2019/12/30 14:23:07.67 log.go:53 ▶ INFO 14d[0m meter http_meter
2019/12/30 14:23:07.67 log.go:54 ▶ INFO 14e[0m   count:               0
2019/12/30 14:23:07.67 log.go:55 ▶ INFO 14f[0m   1-min rate:          0.00
2019/12/30 14:23:07.67 log.go:56 ▶ INFO 150[0m   5-min rate:          0.00
2019/12/30 14:23:07.67 log.go:57 ▶ INFO 151[0m   15-min rate:         0.00
2019/12/30 14:23:07.67 log.go:58 ▶ INFO 152[0m   mean rate:           0.00
2019/12/30 14:26:40.78 log.go:28 ▶ INFO 153[0m gauge http_gauge
2019/12/30 14:26:40.78 log.go:29 ▶ INFO 154[0m   value:               0
2019/12/30 14:26:40.78 log.go:53 ▶ INFO 155[0m meter http_meter
2019/12/30 14:26:40.78 log.go:54 ▶ INFO 156[0m   count:               0
2019/12/30 14:26:40.78 log.go:55 ▶ INFO 157[0m   1-min rate:          0.00
2019/12/30 14:26:40.78 log.go:56 ▶ INFO 158[0m   5-min rate:          0.00
2019/12/30 14:26:40.78 log.go:57 ▶ INFO 159[0m   15-min rate:         0.00
2019/12/30 14:26:40.78 log.go:58 ▶ INFO 15a[0m   mean rate:           0.00
2019/12/30 14:28:07.67 log.go:28 ▶ INFO 15b[0m gauge http_gauge
2019/12/30 14:28:07.67 log.go:29 ▶ INFO 15c[0m   value:               0
2019/12/30 14:28:07.67 log.go:53 ▶ INFO 15d[0m meter http_meter
2019/12/30 14:28:07.67 log.go:54 ▶ INFO 15e[0m   count:               0
2019/12/30 14:28:07.67 log.go:55 ▶ INFO 15f[0m   1-min rate:          0.00
2019/12/30 14:28:07.67 log.go:56 ▶ INFO 160[0m   5-min rate:          0.00
2019/12/30 14:28:07.67 log.go:57 ▶ INFO 161[0m   15-min rate:         0.00
2019/12/30 14:28:07.67 log.go:58 ▶ INFO 162[0m   mean rate:           0.00
2019/12/30 14:31:40.78 log.go:28 ▶ INFO 163[0m gauge http_gauge
2019/12/30 14:31:40.78 log.go:29 ▶ INFO 164[0m   value:               0
2019/12/30 14:31:40.78 log.go:53 ▶ INFO 165[0m meter http_meter
2019/12/30 14:31:40.78 log.go:54 ▶ INFO 166[0m   count:               0
2019/12/30 14:31:40.78 log.go:55 ▶ INFO 167[0m   1-min rate:          0.00
2019/12/30 14:31:40.78 log.go:56 ▶ INFO 168[0m   5-min rate:          0.00
2019/12/30 14:31:40.78 log.go:57 ▶ INFO 169[0m   15-min rate:         0.00
2019/12/30 14:31:40.78 log.go:58 ▶ INFO 16a[0m   mean rate:           0.00
2019/12/30 14:33:07.67 log.go:28 ▶ INFO 16b[0m gauge http_gauge
2019/12/30 14:33:07.67 log.go:29 ▶ INFO 16c[0m   value:               0
2019/12/30 14:33:07.67 log.go:53 ▶ INFO 16d[0m meter http_meter
2019/12/30 14:33:07.67 log.go:54 ▶ INFO 16e[0m   count:               0
2019/12/30 14:33:07.67 log.go:55 ▶ INFO 16f[0m   1-min rate:          0.00
2019/12/30 14:33:07.67 log.go:56 ▶ INFO 170[0m   5-min rate:          0.00
2019/12/30 14:33:07.67 log.go:57 ▶ INFO 171[0m   15-min rate:         0.00
2019/12/30 14:33:07.67 log.go:58 ▶ INFO 172[0m   mean rate:           0.00
2019/12/30 14:36:40.78 log.go:28 ▶ INFO 173[0m gauge http_gauge
2019/12/30 14:36:40.78 log.go:29 ▶ INFO 174[0m   value:               0
2019/12/30 14:36:40.78 log.go:53 ▶ INFO 175[0m meter http_meter
2019/12/30 14:36:40.78 log.go:54 ▶ INFO 176[0m   count:               0
2019/12/30 14:36:40.78 log.go:55 ▶ INFO 177[0m   1-min rate:          0.00
2019/12/30 14:36:40.78 log.go:56 ▶ INFO 178[0m   5-min rate:          0.00
2019/12/30 14:36:40.78 log.go:57 ▶ INFO 179[0m   15-min rate:         0.00
2019/12/30 14:36:40.78 log.go:58 ▶ INFO 17a[0m   mean rate:           0.00
2019/12/30 14:38:07.67 log.go:28 ▶ INFO 17b[0m gauge http_gauge
2019/12/30 14:38:07.67 log.go:29 ▶ INFO 17c[0m   value:               0
2019/12/30 14:38:07.67 log.go:53 ▶ INFO 17d[0m meter http_meter
2019/12/30 14:38:07.67 log.go:54 ▶ INFO 17e[0m   count:               0
2019/12/30 14:38:07.67 log.go:55 ▶ INFO 17f[0m   1-min rate:          0.00
2019/12/30 14:38:07.67 log.go:56 ▶ INFO 180[0m   5-min rate:          0.00
2019/12/30 14:38:07.67 log.go:57 ▶ INFO 181[0m   15-min rate:         0.00
2019/12/30 14:38:07.67 log.go:58 ▶ INFO 182[0m   mean rate:           0.00
2019/12/30 14:41:40.78 log.go:53 ▶ INFO 183[0m meter http_meter
2019/12/30 14:41:40.78 log.go:54 ▶ INFO 184[0m   count:               0
2019/12/30 14:41:40.78 log.go:55 ▶ INFO 185[0m   1-min rate:          0.00
2019/12/30 14:41:40.78 log.go:56 ▶ INFO 186[0m   5-min rate:          0.00
2019/12/30 14:41:40.78 log.go:57 ▶ INFO 187[0m   15-min rate:         0.00
2019/12/30 14:41:40.78 log.go:58 ▶ INFO 188[0m   mean rate:           0.00
2019/12/30 14:41:40.78 log.go:28 ▶ INFO 189[0m gauge http_gauge
2019/12/30 14:41:40.78 log.go:29 ▶ INFO 18a[0m   value:               0
2019/12/30 14:43:07.67 log.go:28 ▶ INFO 18b[0m gauge http_gauge
2019/12/30 14:43:07.67 log.go:29 ▶ INFO 18c[0m   value:               0
2019/12/30 14:43:07.67 log.go:53 ▶ INFO 18d[0m meter http_meter
2019/12/30 14:43:07.67 log.go:54 ▶ INFO 18e[0m   count:               0
2019/12/30 14:43:07.67 log.go:55 ▶ INFO 18f[0m   1-min rate:          0.00
2019/12/30 14:43:07.67 log.go:56 ▶ INFO 190[0m   5-min rate:          0.00
2019/12/30 14:43:07.67 log.go:57 ▶ INFO 191[0m   15-min rate:         0.00
2019/12/30 14:43:07.67 log.go:58 ▶ INFO 192[0m   mean rate:           0.00
2019/12/30 14:46:40.78 log.go:28 ▶ INFO 193[0m gauge http_gauge
2019/12/30 14:46:40.78 log.go:29 ▶ INFO 194[0m   value:               0
2019/12/30 14:46:40.78 log.go:53 ▶ INFO 195[0m meter http_meter
2019/12/30 14:46:40.78 log.go:54 ▶ INFO 196[0m   count:               0
2019/12/30 14:46:40.78 log.go:55 ▶ INFO 197[0m   1-min rate:          0.00
2019/12/30 14:46:40.78 log.go:56 ▶ INFO 198[0m   5-min rate:          0.00
2019/12/30 14:46:40.78 log.go:57 ▶ INFO 199[0m   15-min rate:         0.00
2019/12/30 14:46:40.78 log.go:58 ▶ INFO 19a[0m   mean rate:           0.00
2019/12/30 14:48:07.67 log.go:28 ▶ INFO 19b[0m gauge http_gauge
2019/12/30 14:48:07.67 log.go:29 ▶ INFO 19c[0m   value:               0
2019/12/30 14:48:07.67 log.go:53 ▶ INFO 19d[0m meter http_meter
2019/12/30 14:48:07.67 log.go:54 ▶ INFO 19e[0m   count:               0
2019/12/30 14:48:07.67 log.go:55 ▶ INFO 19f[0m   1-min rate:          0.00
2019/12/30 14:48:07.67 log.go:56 ▶ INFO 1a0[0m   5-min rate:          0.00
2019/12/30 14:48:07.67 log.go:57 ▶ INFO 1a1[0m   15-min rate:         0.00
2019/12/30 14:48:07.67 log.go:58 ▶ INFO 1a2[0m   mean rate:           0.00
2019/12/30 14:51:40.78 log.go:28 ▶ INFO 1a3[0m gauge http_gauge
2019/12/30 14:51:40.78 log.go:29 ▶ INFO 1a4[0m   value:               0
2019/12/30 14:51:40.78 log.go:53 ▶ INFO 1a5[0m meter http_meter
2019/12/30 14:51:40.78 log.go:54 ▶ INFO 1a6[0m   count:               0
2019/12/30 14:51:40.78 log.go:55 ▶ INFO 1a7[0m   1-min rate:          0.00
2019/12/30 14:51:40.78 log.go:56 ▶ INFO 1a8[0m   5-min rate:          0.00
2019/12/30 14:51:40.78 log.go:57 ▶ INFO 1a9[0m   15-min rate:         0.00
2019/12/30 14:51:40.78 log.go:58 ▶ INFO 1aa[0m   mean rate:           0.00
2019/12/30 14:53:07.67 log.go:28 ▶ INFO 1ab[0m gauge http_gauge
2019/12/30 14:53:07.67 log.go:29 ▶ INFO 1ac[0m   value:               0
2019/12/30 14:53:07.67 log.go:53 ▶ INFO 1ad[0m meter http_meter
2019/12/30 14:53:07.67 log.go:54 ▶ INFO 1ae[0m   count:               0
2019/12/30 14:53:07.67 log.go:55 ▶ INFO 1af[0m   1-min rate:          0.00
2019/12/30 14:53:07.67 log.go:56 ▶ INFO 1b0[0m   5-min rate:          0.00
2019/12/30 14:53:07.67 log.go:57 ▶ INFO 1b1[0m   15-min rate:         0.00
2019/12/30 14:53:07.67 log.go:58 ▶ INFO 1b2[0m   mean rate:           0.00
